<?xml version="1.0" encoding="UTF-8"?>
<testsuite xmlns:xsi="http://www.w3.org/2001/XMLSchema-instance" xsi:noNamespaceSchemaLocation="https://maven.apache.org/surefire/maven-surefire-plugin/xsd/surefire-test-report.xsd" version="3.0.1" name="Contact Creation" time="54.67" tests="1" errors="1" skipped="0" failures="0">
  <properties>
[...]
</properties>
  <testcase name="Creation of new Contact in Salesforce" classname="Contact Creation" time="54.67">
    <error message="Expected condition failed: waiting for element to be clickable: [[EdgeDriver: MicrosoftEdge on windows (6be861e94d38e03218e294c6942de0a6)] -&gt; xpath: //span[text()=&apos;Mr.&apos;]] (tried for 30 second(s) with 500 milliseconds interval)&#10;Build info: version: &apos;4.20.0&apos;, revision: &apos;866c76ca80&apos;&#10;System info: os.name: &apos;Windows 11&apos;, os.arch: &apos;amd64&apos;, os.version: &apos;10.0&apos;, java.version: &apos;21.0.5&apos;&#10;Driver info: org.openqa.selenium.edge.EdgeDriver&#10;Capabilities {acceptInsecureCerts: false, browserName: MicrosoftEdge, browserVersion: 131.0.2903.51, fedcm:accounts: true, ms:edgeOptions: {debuggerAddress: localhost:55279}, msedge: {msedgedriverVersion: 131.0.2903.51 (e8c8535333b9..., userDataDir: C:\Users\sarav\AppData\Loca...}, networkConnectionEnabled: false, pageLoadStrategy: normal, platformName: windows, proxy: Proxy(), se:cdp: ws://localhost:55279/devtoo..., se:cdpVersion: 131.0.2903.51, setWindowRect: true, strictFileInteractability: false, timeouts: {implicit: 0, pageLoad: 300000, script: 30000}, unhandledPromptBehavior: dismiss and notify, webauthn:extension:credBlob: true, webauthn:extension:largeBlob: true, webauthn:extension:minPinLength: true, webauthn:extension:prf: true, webauthn:virtualAuthenticators: true}&#10;Session ID: 6be861e94d38e03218e294c6942de0a6" type="org.openqa.selenium.TimeoutException"><![CDATA[org.openqa.selenium.TimeoutException: 
Expected condition failed: waiting for element to be clickable: [[EdgeDriver: MicrosoftEdge on windows (6be861e94d38e03218e294c6942de0a6)] -> xpath: //span[text()='Mr.']] (tried for 30 second(s) with 500 milliseconds interval)
Build info: version: '4.20.0', revision: '866c76ca80'
System info: os.name: 'Windows 11', os.arch: 'amd64', os.version: '10.0', java.version: '21.0.5'
Driver info: org.openqa.selenium.edge.EdgeDriver
Capabilities {acceptInsecureCerts: false, browserName: MicrosoftEdge, browserVersion: 131.0.2903.51, fedcm:accounts: true, ms:edgeOptions: {debuggerAddress: localhost:55279}, msedge: {msedgedriverVersion: 131.0.2903.51 (e8c8535333b9..., userDataDir: C:\Users\sarav\AppData\Loca...}, networkConnectionEnabled: false, pageLoadStrategy: normal, platformName: windows, proxy: Proxy(), se:cdp: ws://localhost:55279/devtoo..., se:cdpVersion: 131.0.2903.51, setWindowRect: true, strictFileInteractability: false, timeouts: {implicit: 0, pageLoad: 300000, script: 30000}, unhandledPromptBehavior: dismiss and notify, webauthn:extension:credBlob: true, webauthn:extension:largeBlob: true, webauthn:extension:minPinLength: true, webauthn:extension:prf: true, webauthn:virtualAuthenticators: true}
Session ID: 6be861e94d38e03218e294c6942de0a6
	at org.openqa.selenium.support.ui.WebDriverWait.timeoutException(WebDriverWait.java:84)
	at org.openqa.selenium.support.ui.FluentWait.until(FluentWait.java:228)
	at com.salesforce.pageObjectModel.CommonPageObjects.waitForElementToBeClickable(CommonPageObjects.java:97)
	at com.salesforce.pageObjectModel.ContactsPage.chooseSalutation(ContactsPage.java:26)
	at com.salesforce.stepdefinitions.ContactsPageSteps.userCreatesNewContactByPopulatingMandatoryFields(ContactsPageSteps.java:20)
	at ✽.User creates new contact by populating mandatory fields(file:///C:/Users/sarav/idea-projects/salesforce-junit/src/test/java/com/salesforce/features/ContactCreation.feature:13)
]]></error>
    <system-out><![CDATA[
@Regression
Scenario: Creation of new Contact in Salesforce                # src/test/java/com/salesforce/features/ContactCreation.feature:10
  Given User opens salesforce login url                        # com.salesforce.stepdefinitions.LoginPageSteps.userOpensSalesforceLoginUrl()
  When User enters valid credentials                           # com.salesforce.stepdefinitions.LoginPageSteps.user_enters_valid_credentials()
Logged in successfully
  Then User should be logged in successfully                   # com.salesforce.stepdefinitions.HomePageSteps.user_should_be_logged_in_successfully()
  And User chooses "Sales" from App Launcher                   # com.salesforce.stepdefinitions.CommonPageSteps.userChoosesFromAppLauncher(java.lang.String)
Click failed, now attempting to click force click
  Given User clicks on "Contacts" tab                          # com.salesforce.stepdefinitions.CommonPageSteps.userClicksOnSfTab(java.lang.String)
  When User clicks on new button in "Contacts" tab             # com.salesforce.stepdefinitions.CommonPageSteps.userClicksOnNewButton(java.lang.String)
  Then User creates new contact by populating mandatory fields # com.salesforce.stepdefinitions.ContactsPageSteps.userCreatesNewContactByPopulatingMandatoryFields()
      org.openqa.selenium.TimeoutException: Expected condition failed: waiting for element to be clickable: [[EdgeDriver: MicrosoftEdge on windows (6be861e94d38e03218e294c6942de0a6)] -> xpath: //span[text()='Mr.']] (tried for 30 second(s) with 500 milliseconds interval)
Build info: version: '4.20.0', revision: '866c76ca80'
System info: os.name: 'Windows 11', os.arch: 'amd64', os.version: '10.0', java.version: '21.0.5'
Driver info: org.openqa.selenium.edge.EdgeDriver
Capabilities {acceptInsecureCerts: false, browserName: MicrosoftEdge, browserVersion: 131.0.2903.51, fedcm:accounts: true, ms:edgeOptions: {debuggerAddress: localhost:55279}, msedge: {msedgedriverVersion: 131.0.2903.51 (e8c8535333b9..., userDataDir: C:\Users\sarav\AppData\Loca...}, networkConnectionEnabled: false, pageLoadStrategy: normal, platformName: windows, proxy: Proxy(), se:cdp: ws://localhost:55279/devtoo..., se:cdpVersion: 131.0.2903.51, setWindowRect: true, strictFileInteractability: false, timeouts: {implicit: 0, pageLoad: 300000, script: 30000}, unhandledPromptBehavior: dismiss and notify, webauthn:extension:credBlob: true, webauthn:extension:largeBlob: true, webauthn:extension:minPinLength: true, webauthn:extension:prf: true, webauthn:virtualAuthenticators: true}
Session ID: 6be861e94d38e03218e294c6942de0a6
	at org.openqa.selenium.support.ui.WebDriverWait.timeoutException(WebDriverWait.java:84)
	at org.openqa.selenium.support.ui.FluentWait.until(FluentWait.java:228)
	at com.salesforce.pageObjectModel.CommonPageObjects.waitForElementToBeClickable(CommonPageObjects.java:97)
	at com.salesforce.pageObjectModel.ContactsPage.chooseSalutation(ContactsPage.java:26)
	at com.salesforce.stepdefinitions.ContactsPageSteps.userCreatesNewContactByPopulatingMandatoryFields(ContactsPageSteps.java:20)
	at ✽.User creates new contact by populating mandatory fields(file:///C:/Users/sarav/idea-projects/salesforce-junit/src/test/java/com/salesforce/features/ContactCreation.feature:13)

  And User clicks on Save button in "Contacts" tab             # com.salesforce.stepdefinitions.CommonPageSteps.userClicksOnSaveButtonInTab(java.lang.String)
]]></system-out>
    <system-err><![CDATA[Nov 17, 2024 11:39:18 PM org.openqa.selenium.devtools.CdpVersionFinder findNearestMatch
WARNING: Unable to find CDP implementation matching 131
Nov 17, 2024 11:39:18 PM org.openqa.selenium.chromium.ChromiumDriver lambda$new$5
WARNING: Unable to find version of CDP to use for 131.0.2903.51. You may need to include a dependency on a specific version of the CDP using something similar to `org.seleniumhq.selenium:selenium-devtools-v86:4.20.0` where the version ("v86") matches the version of the chromium-based browser you're using and the version number of the artifact is the same as Selenium's.
]]></system-err>
  </testcase>
</testsuite>