<?xml version="1.0" encoding="UTF-8"?>
<testsuite xmlns:xsi="http://www.w3.org/2001/XMLSchema-instance" xsi:noNamespaceSchemaLocation="https://maven.apache.org/surefire/maven-surefire-plugin/xsd/surefire-test-report.xsd" version="3.0.1" name="Test Salesforce login feature" time="23.66" tests="2" errors="0" skipped="0" failures="0">
  <properties>
[...]
</properties>
  <testcase name="Verify whether user is able to login to Salesforce with valid credentials" classname="Test Salesforce login feature" time="14.306">
    <system-out><![CDATA[
@SmokeTest @Regression
Scenario: Verify whether user is able to login to Salesforce with valid credentials # src/test/java/com/salesforce/features/login.feature:4
  Given User opens salesforce login url                                             # com.salesforce.stepdefinitions.LoginPageSteps.userOpensSalesforceLoginUrl()
  When User enters valid credentials                                                # com.salesforce.stepdefinitions.LoginPageSteps.user_enters_valid_credentials()
Logged in successfully
  Then User should be logged in successfully                                        # com.salesforce.stepdefinitions.HomePageSteps.user_should_be_logged_in_successfully()
]]></system-out>
    <system-err><![CDATA[Nov 17, 2024 11:39:18 PM org.openqa.selenium.devtools.CdpVersionFinder findNearestMatch
WARNING: Unable to find CDP implementation matching 131
Nov 17, 2024 11:39:18 PM org.openqa.selenium.chromium.ChromiumDriver lambda$new$5
WARNING: Unable to find version of CDP to use for 131.0.2903.51. You may need to include a dependency on a specific version of the CDP using something similar to `org.seleniumhq.selenium:selenium-devtools-v86:4.20.0` where the version ("v86") matches the version of the chromium-based browser you're using and the version number of the artifact is the same as Selenium's.
]]></system-err>
  </testcase>
  <testcase name="Verify whether error is displayed when invalid credentials are entered" classname="Test Salesforce login feature" time="9.354">
    <system-out><![CDATA[
@Regression @ErrorValidation
Scenario: Verify whether error is displayed when invalid credentials are entered # src/test/java/com/salesforce/features/login.feature:10
  Given User opens salesforce login url                                          # com.salesforce.stepdefinitions.LoginPageSteps.userOpensSalesforceLoginUrl()
  When User enters invalid credentials                                           # com.salesforce.stepdefinitions.LoginPageSteps.userEntersInvalidCredentials()
  Then User should see an error message                                          # com.salesforce.stepdefinitions.LoginPageSteps.userShouldSeeAnErrorMessage()
]]></system-out>
    <system-err><![CDATA[Nov 17, 2024 11:39:31 PM org.openqa.selenium.devtools.CdpVersionFinder findNearestMatch
WARNING: Unable to find CDP implementation matching 131
Nov 17, 2024 11:39:31 PM org.openqa.selenium.chromium.ChromiumDriver lambda$new$5
WARNING: Unable to find version of CDP to use for 131.0.2903.51. You may need to include a dependency on a specific version of the CDP using something similar to `org.seleniumhq.selenium:selenium-devtools-v86:4.20.0` where the version ("v86") matches the version of the chromium-based browser you're using and the version number of the artifact is the same as Selenium's.
]]></system-err>
  </testcase>
</testsuite>